<?xml version="1.0" encoding="UTF-8"?>
<!-- Generated by org.testng.reporters.JUnitReportReporter -->
<testsuite hostname="Laptop" failures="0" tests="1" name="serializationDeserialization.SerializationDeserialization" time="0.406" errors="0" timestamp="2025-04-21T02:31:19 IST" skipped="0">
  <testcase classname="serializationDeserialization.SerializationDeserialization" name="convertJson2Pojo" time="0.406"/>
</testsuite> <!-- serializationDeserialization.SerializationDeserialization -->
