<?xml version="1.0" encoding="UTF-8"?>
<!-- Generated by org.testng.reporters.JUnitReportReporter -->
<testsuite hostname="Laptop" failures="0" tests="1" name="parsingXMLResponse.ParseXML" time="2.265" errors="0" timestamp="2025-04-18T02:35:18 IST" skipped="0">
  <testcase classname="parsingXMLResponse.ParseXML" name="testXMLResponse" time="2.265"/>
</testsuite> <!-- parsingXMLResponse.ParseXML -->
