<?xml version="1.0" encoding="UTF-8"?>
<!-- Generated by org.testng.reporters.JUnitReportReporter -->
<testsuite hostname="Laptop" failures="0" tests="1" name="parsingXMLResponse.Approach2" time="2.150" errors="0" timestamp="2025-04-18T02:44:39 IST" skipped="0">
  <testcase classname="parsingXMLResponse.Approach2" name="testXMLResponse" time="2.150"/>
</testsuite> <!-- parsingXMLResponse.Approach2 -->
