<?xml version="1.0" encoding="UTF-8"?>
<!-- Generated by org.testng.reporters.JUnitReportReporter -->
<testsuite hostname="Laptop" failures="0" tests="1" name="waysToCreatePostReqBody.UsingPojoClass" time="4.237" errors="0" timestamp="2025-03-27T16:17:59 IST" skipped="0">
  <testcase classname="waysToCreatePostReqBody.UsingPojoClass" name="testPostRequestusingPojoClass" time="4.237"/>
</testsuite> <!-- waysToCreatePostReqBody.UsingPojoClass -->
