<?xml version="1.0" encoding="UTF-8"?>
<!-- Generated by org.testng.reporters.JUnitReportReporter -->
<testsuite hostname="Laptop" failures="0" tests="1" name="waysToCreatePostReqBody.UsingOrgJsonLibaray" time="3.350" errors="0" timestamp="2025-03-27T16:11:08 IST" skipped="0">
  <testcase classname="waysToCreatePostReqBody.UsingOrgJsonLibaray" name="testPostRequestusingHashmap" time="3.350"/>
</testsuite> <!-- waysToCreatePostReqBody.UsingOrgJsonLibaray -->
