<?xml version="1.0" encoding="UTF-8"?>
<!-- Generated by org.testng.reporters.JUnitReportReporter -->
<testsuite hostname="Laptop" failures="0" tests="1" name="httpRequsets.WaysToCreatePostReqBody" time="3.543" errors="0" timestamp="2025-03-27T15:57:33 IST" skipped="0">
  <testcase classname="httpRequsets.WaysToCreatePostReqBody" name="testPostRequestusingHashmap" time="3.543"/>
</testsuite> <!-- httpRequsets.WaysToCreatePostReqBody -->
