<?xml version="1.0" encoding="UTF-8"?>
<!-- Generated by org.testng.reporters.JUnitReportReporter -->
<testsuite hostname="Laptop" failures="0" tests="1" name="cookiesDemo.CookiesDemo" time="1.962" errors="0" timestamp="2025-03-27T17:33:19 IST" skipped="0">
  <testcase classname="cookiesDemo.CookiesDemo" name="getCookiesInfo" time="1.962"/>
</testsuite> <!-- cookiesDemo.CookiesDemo -->
