<?xml version="1.0" encoding="UTF-8"?>
<!-- Generated by org.testng.reporters.JUnitReportReporter -->
<testsuite hostname="Laptop" failures="0" tests="1" name="waysToCreatePostReqBody.UsingExternalJsonFile" time="3.861" errors="0" timestamp="2025-03-27T16:25:51 IST" skipped="0">
  <testcase classname="waysToCreatePostReqBody.UsingExternalJsonFile" name="testPostRequestusingPojoClass" time="3.861"/>
</testsuite> <!-- waysToCreatePostReqBody.UsingExternalJsonFile -->
