<?xml version="1.0" encoding="UTF-8"?>
<!-- Generated by org.testng.reporters.JUnitReportReporter -->
<testsuite hostname="Laptop" failures="0" tests="1" name="schemaValidation.XmlSchemaValidation" time="2.188" errors="0" timestamp="2025-04-21T01:56:19 IST" skipped="0">
  <testcase classname="schemaValidation.XmlSchemaValidation" name="xmlSchemaValidation" time="2.188"/>
</testsuite> <!-- schemaValidation.XmlSchemaValidation -->
