<?xml version="1.0" encoding="UTF-8"?>
<!-- Generated by org.testng.reporters.JUnitReportReporter -->
<testsuite hostname="Laptop" failures="0" tests="1" name="loggingDemo.LoggingDemo" time="1.544" errors="0" timestamp="2025-03-27T17:56:12 IST" skipped="0">
  <testcase classname="loggingDemo.LoggingDemo" name="testLogs" time="1.544"/>
</testsuite> <!-- loggingDemo.LoggingDemo -->
