<?xml version="1.0" encoding="UTF-8"?>
<!-- Generated by org.testng.reporters.JUnitReportReporter -->
<testsuite hostname="Laptop" failures="0" tests="1" name="waysToCreatePostReqBody.UsingHashmap" time="4.243" errors="0" timestamp="2025-03-27T16:02:03 IST" skipped="0">
  <testcase classname="waysToCreatePostReqBody.UsingHashmap" name="testPostRequestusingHashmap" time="4.243"/>
</testsuite> <!-- waysToCreatePostReqBody.UsingHashmap -->
