<?xml version="1.0" encoding="UTF-8"?>
<!-- Generated by org.testng.reporters.JUnitReportReporter -->
<testsuite hostname="Laptop" failures="0" tests="4" name="httpRequsets.HttpRequests" time="5.120" errors="0" timestamp="2025-03-27T01:40:38 IST" skipped="0">
  <testcase classname="httpRequsets.HttpRequests" name="deleteUser" time="2.765"/>
  <testcase classname="httpRequsets.HttpRequests" name="getUsers" time="0.928"/>
  <testcase classname="httpRequsets.HttpRequests" name="createUser" time="0.950"/>
  <testcase classname="httpRequsets.HttpRequests" name="updateUser" time="0.477"/>
</testsuite> <!-- httpRequsets.HttpRequests -->
