<?xml version="1.0" encoding="UTF-8"?>
<!-- Generated by org.testng.reporters.JUnitReportReporter -->
<testsuite hostname="Laptop" failures="0" tests="1" name="headerDemo.HeaderDemo" time="1.902" errors="0" timestamp="2025-03-27T17:51:32 IST" skipped="0">
  <testcase classname="headerDemo.HeaderDemo" name="getHeaders" time="1.902"/>
</testsuite> <!-- headerDemo.HeaderDemo -->
