<?xml version="1.0" encoding="UTF-8"?>
<!-- Generated by org.testng.reporters.JUnitReportReporter -->
<testsuite hostname="Laptop" failures="0" tests="1" name="parsingXMLResponse.Approach1" time="3.103" errors="0" timestamp="2025-04-21T01:56:05 IST" skipped="0">
  <testcase classname="parsingXMLResponse.Approach1" name="testXMLResponse" time="3.103"/>
</testsuite> <!-- parsingXMLResponse.Approach1 -->
