<?xml version="1.0" encoding="UTF-8"?>
<!-- Generated by org.testng.reporters.JUnitReportReporter -->
<testsuite hostname="Laptop" failures="0" tests="1" name="parseJsonResponse.Approach2" time="4.556" errors="0" timestamp="2025-03-28T02:25:26 IST" skipped="0">
  <testcase classname="parseJsonResponse.Approach2" name="testJsonResponse" time="4.556"/>
</testsuite> <!-- parseJsonResponse.Approach2 -->
