<?xml version="1.0" encoding="UTF-8"?>
<!-- Generated by org.testng.reporters.JUnitReportReporter -->
<testsuite hostname="Laptop" failures="0" tests="1" name="parseJsonResponse.ParsingJsonResonseData" time="3.188" errors="0" timestamp="2025-03-28T01:58:05 IST" skipped="0">
  <testcase classname="parseJsonResponse.ParsingJsonResonseData" name="testJsonResponse" time="3.188"/>
</testsuite> <!-- parseJsonResponse.ParsingJsonResonseData -->
