<?xml version="1.0" encoding="UTF-8"?>
<!-- Generated by org.testng.reporters.JUnitReportReporter -->
<testsuite hostname="Laptop" failures="0" tests="1" name="schemaValidation.JsonSchemaValidation" time="2.618" errors="0" timestamp="2025-04-21T01:44:15 IST" skipped="0">
  <testcase classname="schemaValidation.JsonSchemaValidation" name="jsonSchemaValidation" time="2.618"/>
</testsuite> <!-- schemaValidation.JsonSchemaValidation -->
