<?xml version="1.0" encoding="UTF-8"?>
<!-- Generated by org.testng.reporters.JUnitReportReporter -->
<testsuite hostname="Laptop" failures="0" tests="1" name="pathAndQueryParameters.PathAndQueryParameter" time="1.481" errors="0" timestamp="2025-03-27T17:14:12 IST" skipped="0">
  <testcase classname="pathAndQueryParameters.PathAndQueryParameter" name="testPathAndQueryParameter" time="1.481"/>
</testsuite> <!-- pathAndQueryParameters.PathAndQueryParameter -->
