<?xml version="1.0" encoding="UTF-8"?>
<!-- Generated by org.testng.reporters.JUnitReportReporter -->
<testsuite hostname="Laptop" failures="0" tests="1" name="parseJsonResponse.Approach1" time="3.399" errors="0" timestamp="2025-03-28T02:25:54 IST" skipped="0">
  <testcase classname="parseJsonResponse.Approach1" name="testJsonResponse" time="3.399"/>
</testsuite> <!-- parseJsonResponse.Approach1 -->
