<?xml version="1.0" encoding="UTF-8"?>
<!-- Generated by org.testng.reporters.JUnitReportReporter -->
<testsuite hostname="Laptop" failures="0" tests="1" name="parsingXMLResponse.Approach3" time="2.238" errors="0" timestamp="2025-04-18T03:10:20 IST" skipped="0">
  <testcase classname="parsingXMLResponse.Approach3" name="testXMLResponse" time="2.238"/>
</testsuite> <!-- parsingXMLResponse.Approach3 -->
