<?xml version="1.0" encoding="UTF-8"?>
<!-- Generated by org.testng.reporters.JUnitReportReporter -->
<testsuite hostname="Laptop" failures="0" tests="1" name="parseJsonResponse.Approach3" time="2.297" errors="0" timestamp="2025-03-28T02:36:58 IST" skipped="0">
  <testcase classname="parseJsonResponse.Approach3" name="testJsonResponse" time="2.297"/>
</testsuite> <!-- parseJsonResponse.Approach3 -->
